{
  "RSpec": {
    "coverage": {
      "/Users/apprentice/Travis/HowToTrainYourPalateAPI/app/models/user.rb": [
        1,
        1,
        1,
        1,
        1,
        null,
        1,
        null,
        null,
        1,
        null,
        null,
        1,
        0,
        0,
        0,
        0,
        0,
        null,
        0,
        null,
        null,
        null,
        null,
        1,
        0,
        0,
        0,
        0,
        0,
        null,
        0,
        null,
        null,
        null,
        null,
        null,
        1,
        0,
        0,
        0,
        null,
        null,
        null,
        null,
        1,
        null,
        null,
        null,
        null,
        1,
        0,
        0,
        null,
        null,
        null,
        1,
        1,
        0,
        null,
        null,
        1,
        0,
        0,
        0,
        null,
        null,
        1,
        0,
        0,
        0,
        null,
        null,
        null,
        1,
        0,
        null,
        null,
        1,
        0,
        0,
        null,
        null,
        null,
        1,
        0,
        null,
        null,
        null,
        1,
        0,
        null,
        null,
        null,
        1,
        0,
        0,
        0,
        0,
        0,
        null,
        null,
        0,
        null,
        null,
        null,
        1,
        0,
        0,
        0,
        0,
        0,
        null,
        null,
        0,
        null,
        null,
        null,
        1,
        0,
        null,
        null,
        null,
        1,
        0,
        0,
        0,
        null,
        null,
        null,
        null,
        null,
        null,
        null,
        null,
        null
      ],
      "/Users/apprentice/Travis/HowToTrainYourPalateAPI/app/helpers/rating_beer_types_helper.rb": [
        1,
        null
      ],
      "/Users/apprentice/Travis/HowToTrainYourPalateAPI/app/helpers/users_helper.rb": [
        1,
        null
      ],
      "/Users/apprentice/Travis/HowToTrainYourPalateAPI/app/controllers/users_controller.rb": [
        1,
        null,
        1,
        null,
        1,
        null,
        null,
        null
      ],
      "/Users/apprentice/Travis/HowToTrainYourPalateAPI/app/controllers/application_controller.rb": [
        1,
        1,
        null,
        1,
        null,
        1,
        0,
        null,
        null,
        null,
        null,
        null,
        null
      ],
      "/Users/apprentice/Travis/HowToTrainYourPalateAPI/app/models/beer_flavor.rb": [
        1,
        1,
        1,
        1,
        null
      ],
      "/Users/apprentice/Travis/HowToTrainYourPalateAPI/app/models/application_record.rb": [
        1,
        1,
        null
      ],
      "/Users/apprentice/Travis/HowToTrainYourPalateAPI/app/models/beer_type_to_subtype.rb": [
        1,
        1,
        1,
        1,
        null
      ],
      "/Users/apprentice/Travis/HowToTrainYourPalateAPI/app/models/beer_type.rb": [
        1,
        1,
        1,
        1,
        1,
        1,
        1,
        1,
        1,
        1,
        null,
        null,
        1,
        0,
        0,
        0,
        null,
        0,
        null,
        null,
        null,
        1,
        0,
        0,
        0,
        null,
        0,
        null,
        null,
        1,
        null,
        1,
        0,
        0,
        0,
        0,
        0,
        null,
        null,
        0,
        null,
        null,
        1,
        0,
        0,
        null,
        0,
        null,
        null,
        null,
        null
      ],
      "/Users/apprentice/Travis/HowToTrainYourPalateAPI/app/models/flavor.rb": [
        1,
        1,
        1,
        1,
        1,
        null
      ],
      "/Users/apprentice/Travis/HowToTrainYourPalateAPI/app/models/rating_beer_type.rb": [
        1,
        1,
        1,
        null
      ],
      "/Users/apprentice/Travis/HowToTrainYourPalateAPI/app/models/tried_beer_rating.rb": [
        1,
        1,
        1,
        1,
        1,
        null
      ],
      "/Users/apprentice/Travis/HowToTrainYourPalateAPI/app/models/user_flavor.rb": [
        1,
        1,
        1,
        1,
        null
      ],
      "/Users/apprentice/Travis/HowToTrainYourPalateAPI/app/controllers/beer_types_controller.rb": [
        0,
        0,
        0,
        0,
        0,
        0,
        0,
        0,
        0,
        0,
        0,
        0,
        0,
        0,
        0,
        0,
        0,
        0,
        0,
        0,
        0,
        0,
        0,
        0,
        0,
        0,
        0,
        0,
        0,
        0,
        0
      ],
      "/Users/apprentice/Travis/HowToTrainYourPalateAPI/app/controllers/concerns/registrations_controller.rb": [
        0,
        0,
        0,
        0,
        0,
        0,
        0,
        0
      ],
      "/Users/apprentice/Travis/HowToTrainYourPalateAPI/app/controllers/flavors_controller.rb": [
        0,
        0,
        0,
        0,
        0,
        0,
        0,
        0,
        0,
        0,
        0,
        0,
        0,
        0,
        0,
        0,
        0,
        0,
        0
      ],
      "/Users/apprentice/Travis/HowToTrainYourPalateAPI/app/controllers/tried_beer_ratings_controller.rb": [
        0,
        0,
        0,
        0,
        0,
        0,
        0,
        0,
        0,
        0,
        0,
        0,
        0,
        0,
        0,
        0,
        0
      ]
    },
    "timestamp": 1475628285
  }
}
